<?xml version="1.0" encoding="UTF-8"?>
<testng-results skipped="0" failed="0" total="1" passed="1">
  <reporter-output>
  </reporter-output>
  <suite name="Default suite" duration-ms="16398" started-at="2019-05-13T10:01:58Z" finished-at="2019-05-13T10:02:14Z">
    <groups>
    </groups>
    <test name="Default test" duration-ms="16398" started-at="2019-05-13T10:01:58Z" finished-at="2019-05-13T10:02:14Z">
      <class name="com.zwy.AutoTestDem.before">
        <test-method status="PASS" signature="name()[pri:0, instance:com.zwy.AutoTestDem.before@5d172aa6]" name="name" duration-ms="16359" started-at="2019-05-13T18:01:58Z" finished-at="2019-05-13T18:02:14Z">
          <reporter-output>
          </reporter-output>
        </test-method> <!-- name -->
      </class> <!-- com.zwy.AutoTestDem.before -->
    </test> <!-- Default test -->
  </suite> <!-- Default suite -->
</testng-results>
