<?xml version="1.0" encoding="UTF-8"?>
<testng-results skipped="0" failed="0" total="1" passed="1">
  <reporter-output>
  </reporter-output>
  <suite name="suite1" duration-ms="117581" started-at="2019-05-23T08:56:59Z" finished-at="2019-05-23T08:58:56Z">
    <groups>
    </groups>
    <test name="baidutest" duration-ms="117581" started-at="2019-05-23T08:56:59Z" finished-at="2019-05-23T08:58:56Z">
      <class name="com.zwy.AutoTestDem.before">
        <test-method status="PASS" signature="name()[pri:0, instance:com.zwy.AutoTestDem.before@5ce81285]" name="name" duration-ms="117512" started-at="2019-05-23T16:56:59Z" finished-at="2019-05-23T16:58:56Z">
          <reporter-output>
          </reporter-output>
        </test-method> <!-- name -->
      </class> <!-- com.zwy.AutoTestDem.before -->
    </test> <!-- baidutest -->
  </suite> <!-- suite1 -->
</testng-results>
