<?xml version="1.0" encoding="UTF-8"?>
<testng-results skipped="0" failed="0" total="1" passed="1">
  <reporter-output>
  </reporter-output>
  <suite name="suite1" duration-ms="55584" started-at="2019-05-23T09:18:08Z" finished-at="2019-05-23T09:19:04Z">
    <groups>
    </groups>
    <test name="baidutest" duration-ms="55584" started-at="2019-05-23T09:18:08Z" finished-at="2019-05-23T09:19:04Z">
      <class name="com.zwy.AutoTestDem.beforeTest">
        <test-method status="PASS" signature="name()[pri:0, instance:com.zwy.AutoTestDem.beforeTest@4501b7af]" name="name" duration-ms="55570" started-at="2019-05-23T17:18:08Z" finished-at="2019-05-23T17:19:04Z">
          <reporter-output>
          </reporter-output>
        </test-method> <!-- name -->
      </class> <!-- com.zwy.AutoTestDem.beforeTest -->
    </test> <!-- baidutest -->
  </suite> <!-- suite1 -->
</testng-results>
